<?xml version="1.0" encoding="UTF-8"?>
<!-- Generated by org.testng.reporters.JUnitXMLReporter -->
<testsuite ignored="0" hostname="DESKTOP-KJD0V6J" failures="0" tests="7" name="createcustomer" time="39.531" errors="0" timestamp="2022-04-23T08:46:09 GMT-07:00">
  <testcase classname="com.sgtesting.actiTime.Sceanrio3" name="Navigate" time="3.041"/>
  <testcase classname="com.sgtesting.actiTime.Sceanrio3" name="Login" time="4.86"/>
  <testcase classname="com.sgtesting.actiTime.Sceanrio3" name="minimizeflyout" time="2.272"/>
  <testcase classname="com.sgtesting.actiTime.Sceanrio3" name="createcustomer" time="14.276"/>
  <testcase classname="com.sgtesting.actiTime.Sceanrio3" name="deletecustomer" time="8.455"/>
  <testcase classname="com.sgtesting.actiTime.Sceanrio3" name="logout" time="2.356"/>
  <testcase classname="com.sgtesting.actiTime.Sceanrio3" name="closeapp" time="0.249"/>
</testsuite> <!-- createcustomer -->
