<?xml version="1.0" encoding="UTF-8"?>
<!-- Generated by org.testng.reporters.JUnitXMLReporter -->
<testsuite ignored="0" hostname="DESKTOP-KJD0V6J" failures="0" tests="11" name="createtask" time="80.562" errors="0" timestamp="2022-04-23T07:28:50 GMT-07:00">
  <testcase classname="com.sgtesting.actiTime.Scenario7" name="Navigate" time="3.135"/>
  <testcase classname="com.sgtesting.actiTime.Scenario7" name="Login" time="4.35"/>
  <testcase classname="com.sgtesting.actiTime.Scenario7" name="minimizeflyout" time="2.246"/>
  <testcase classname="com.sgtesting.actiTime.Scenario7" name="createcustomer" time="14.341"/>
  <testcase classname="com.sgtesting.actiTime.Scenario7" name="createproject" time="11.003"/>
  <testcase classname="com.sgtesting.actiTime.Scenario7" name="createtask" time="8.647"/>
  <testcase classname="com.sgtesting.actiTime.Scenario7" name="deletetask" time="8.475"/>
  <testcase classname="com.sgtesting.actiTime.Scenario7" name="DeleteProject" time="12.485"/>
  <testcase classname="com.sgtesting.actiTime.Scenario7" name="deletecustomer" time="8.454"/>
  <testcase classname="com.sgtesting.actiTime.Scenario7" name="logout" time="2.525"/>
  <testcase classname="com.sgtesting.actiTime.Scenario7" name="closeapp" time="0.206"/>
</testsuite> <!-- createtask -->
