<?xml version="1.0" encoding="UTF-8"?>
<!-- Generated by org.testng.reporters.JUnitXMLReporter -->
<testsuite ignored="0" hostname="DESKTOP-KJD0V6J" failures="0" tests="10" name="createproject" time="68.013" errors="0" timestamp="2022-04-23T08:40:58 GMT-07:00">
  <testcase classname="com.sgtesting.actiTime.Sceanrio6" name="Navigate" time="3.161"/>
  <testcase classname="com.sgtesting.actiTime.Sceanrio6" name="Login" time="4.381"/>
  <testcase classname="com.sgtesting.actiTime.Sceanrio6" name="minimizeflyout" time="2.173"/>
  <testcase classname="com.sgtesting.actiTime.Sceanrio6" name="createcustomer" time="14.241"/>
  <testcase classname="com.sgtesting.actiTime.Sceanrio6" name="createproject" time="11.006"/>
  <testcase classname="com.sgtesting.actiTime.Sceanrio6" name="modifyproject" time="5.379"/>
  <testcase classname="com.sgtesting.actiTime.Sceanrio6" name="DeleteProject" time="12.458"/>
  <testcase classname="com.sgtesting.actiTime.Sceanrio6" name="deletecustomer" time="8.475"/>
  <testcase classname="com.sgtesting.actiTime.Sceanrio6" name="logout" time="2.455"/>
  <testcase classname="com.sgtesting.actiTime.Sceanrio6" name="closeapp" time="0.244"/>
</testsuite> <!-- createproject -->
