<?xml version="1.0" encoding="UTF-8"?>
<!-- Generated by org.testng.reporters.JUnitXMLReporter -->
<testsuite ignored="0" hostname="DESKTOP-KJD0V6J" failures="0" tests="60" name="createuser" time="339.848" errors="0" timestamp="2022-04-24T06:03:49 GMT-07:00">
  <testcase classname="com.sgtesting.actiTime.Scenario11" name="Navigate" time="3.188"/>
  <testcase classname="com.sgtesting.actiTime.Scenario11" name="Login" time="4.322"/>
  <testcase classname="com.sgtesting.actiTime.Scenario11" name="minimizeflyout" time="2.231"/>
  <testcase classname="com.sgtesting.actiTime.Scenario11" name="createuser" time="7.938"/>
  <testcase classname="com.sgtesting.actiTime.Scenario11" name="modifyuser" time="0.131"/>
  <testcase classname="com.sgtesting.actiTime.Scenario11" name="deleteuser" time="5.247"/>
  <testcase classname="com.sgtesting.actiTime.Scenario11" name="logout" time="0.085"/>
  <testcase classname="com.sgtesting.actiTime.Scenario11" name="closeApplication" time="0.292"/>
  <testcase classname="com.sgtesting.actiTime.Scenario22" name="Navigate" time="2.988"/>
  <testcase classname="com.sgtesting.actiTime.Scenario22" name="Login" time="4.314"/>
  <testcase classname="com.sgtesting.actiTime.Scenario22" name="minimizeflyout" time="2.274"/>
  <testcase classname="com.sgtesting.actiTime.Scenario22" name="createuser" time="7.898"/>
  <testcase classname="com.sgtesting.actiTime.Scenario22" name="deleteuser" time="5.343"/>
  <testcase classname="com.sgtesting.actiTime.Scenario22" name="logout" time="2.744"/>
  <testcase classname="com.sgtesting.actiTime.Scenario22" name="closeapp" time="0.214"/>
  <testcase classname="com.sgtesting.actiTime.Scenario33" name="Navigate" time="3.002"/>
  <testcase classname="com.sgtesting.actiTime.Scenario33" name="Login" time="4.332"/>
  <testcase classname="com.sgtesting.actiTime.Scenario33" name="minimizeflyout" time="2.182"/>
  <testcase classname="com.sgtesting.actiTime.Scenario33" name="createcustomer" time="14.16"/>
  <testcase classname="com.sgtesting.actiTime.Scenario33" name="deletecustomer" time="8.502"/>
  <testcase classname="com.sgtesting.actiTime.Scenario33" name="logout" time="2.342"/>
  <testcase classname="com.sgtesting.actiTime.Scenario33" name="closeapp" time="0.197"/>
  <testcase classname="com.sgtesting.actiTime.Scenario44" name="Navigate" time="3.021"/>
  <testcase classname="com.sgtesting.actiTime.Scenario44" name="Login" time="4.295"/>
  <testcase classname="com.sgtesting.actiTime.Scenario44" name="minimizeflyout" time="2.181"/>
  <testcase classname="com.sgtesting.actiTime.Scenario44" name="createcustomer" time="14.141"/>
  <testcase classname="com.sgtesting.actiTime.Scenario44" name="modifycustomer" time="4.426"/>
  <testcase classname="com.sgtesting.actiTime.Scenario44" name="deletecustomer" time="8.458"/>
  <testcase classname="com.sgtesting.actiTime.Scenario44" name="closeapp" time="0.188"/>
  <testcase classname="com.sgtesting.actiTime.Scenario44" name="logout" time="0.221"/>
  <testcase classname="com.sgtesting.actiTime.Scenario55" name="Navigate" time="2.98"/>
  <testcase classname="com.sgtesting.actiTime.Scenario55" name="Login" time="4.275"/>
  <testcase classname="com.sgtesting.actiTime.Scenario55" name="minimizeflyout" time="2.175"/>
  <testcase classname="com.sgtesting.actiTime.Scenario55" name="createcustomer" time="14.379"/>
  <testcase classname="com.sgtesting.actiTime.Scenario55" name="createproject" time="10.913"/>
  <testcase classname="com.sgtesting.actiTime.Scenario55" name="DeleteProject" time="12.45"/>
  <testcase classname="com.sgtesting.actiTime.Scenario55" name="deletecustomer" time="8.452"/>
  <testcase classname="com.sgtesting.actiTime.Scenario55" name="logout" time="2.759"/>
  <testcase classname="com.sgtesting.actiTime.Scenario55" name="closeapp" time="0.208"/>
  <testcase classname="com.sgtesting.actiTime.Scenario66" name="Navigate" time="3.009"/>
  <testcase classname="com.sgtesting.actiTime.Scenario66" name="Login" time="4.318"/>
  <testcase classname="com.sgtesting.actiTime.Scenario66" name="minimizeflyout" time="2.216"/>
  <testcase classname="com.sgtesting.actiTime.Scenario66" name="createcustomer" time="14.211"/>
  <testcase classname="com.sgtesting.actiTime.Scenario66" name="createproject" time="10.966"/>
  <testcase classname="com.sgtesting.actiTime.Scenario66" name="modifyproject" time="5.371"/>
  <testcase classname="com.sgtesting.actiTime.Scenario66" name="DeleteProject" time="12.436"/>
  <testcase classname="com.sgtesting.actiTime.Scenario66" name="deletecustomer" time="8.499"/>
  <testcase classname="com.sgtesting.actiTime.Scenario66" name="logout" time="2.402"/>
  <testcase classname="com.sgtesting.actiTime.Scenario66" name="closeapp" time="0.17"/>
  <testcase classname="com.sgtesting.actiTime.Scenario77" name="Navigate" time="3.121"/>
  <testcase classname="com.sgtesting.actiTime.Scenario77" name="Login" time="4.403"/>
  <testcase classname="com.sgtesting.actiTime.Scenario77" name="minimizeflyout" time="2.204"/>
  <testcase classname="com.sgtesting.actiTime.Scenario77" name="createcustomer" time="16.116"/>
  <testcase classname="com.sgtesting.actiTime.Scenario77" name="createproject" time="10.995"/>
  <testcase classname="com.sgtesting.actiTime.Scenario77" name="createtask" time="8.674"/>
  <testcase classname="com.sgtesting.actiTime.Scenario77" name="deletetask" time="8.515"/>
  <testcase classname="com.sgtesting.actiTime.Scenario77" name="DeleteProject" time="12.498"/>
  <testcase classname="com.sgtesting.actiTime.Scenario77" name="deletecustomer" time="8.454"/>
  <testcase classname="com.sgtesting.actiTime.Scenario77" name="logout" time="2.829"/>
  <testcase classname="com.sgtesting.actiTime.Scenario77" name="closeapp" time="0.196"/>
</testsuite> <!-- createuser -->
