<?xml version="1.0" encoding="UTF-8"?>
<!-- Generated by org.testng.reporters.JUnitXMLReporter -->
<testsuite ignored="0" hostname="DESKTOP-KJD0V6J" failures="0" tests="8" name="modifycustomer" time="42.02" errors="0" timestamp="2022-04-23T09:04:30 GMT-07:00">
  <testcase classname="com.sgtesting.actiTime.Sceanrio4" name="Navigate" time="3.419"/>
  <testcase classname="com.sgtesting.actiTime.Sceanrio4" name="Login" time="4.33"/>
  <testcase classname="com.sgtesting.actiTime.Sceanrio4" name="minimizeflyout" time="2.204"/>
  <testcase classname="com.sgtesting.actiTime.Sceanrio4" name="createcustomer" time="14.628"/>
  <testcase classname="com.sgtesting.actiTime.Sceanrio4" name="modifycustomer" time="4.395"/>
  <testcase classname="com.sgtesting.actiTime.Sceanrio4" name="deletecustomer" time="8.432"/>
  <testcase classname="com.sgtesting.actiTime.Sceanrio4" name="closeapp" time="0.204"/>
  <testcase classname="com.sgtesting.actiTime.Sceanrio4" name="logout" time="0.321"/>
</testsuite> <!-- modifycustomer -->
