<?xml version="1.0" encoding="UTF-8"?>
<!-- Generated by org.testng.reporters.JUnitXMLReporter -->
<testsuite ignored="0" hostname="DESKTOP-KJD0V6J" failures="0" tests="8" name="User And Product" time="31.726" errors="0" timestamp="2022-04-22T23:17:51 GMT-07:00">
  <testcase classname="com.sgtesting.actiTime.Scenario1" name="Navigate" time="3.063"/>
  <testcase classname="com.sgtesting.actiTime.Scenario1" name="Login" time="4.296"/>
  <testcase classname="com.sgtesting.actiTime.Scenario1" name="minimizeflyout" time="2.187"/>
  <testcase classname="com.sgtesting.actiTime.Scenario1" name="createuser" time="8.008"/>
  <testcase classname="com.sgtesting.actiTime.Scenario1" name="modifyuser" time="4.369"/>
  <testcase classname="com.sgtesting.actiTime.Scenario1" name="deleteuser" time="5.289"/>
  <testcase classname="com.sgtesting.actiTime.Scenario1" name="logout" time="0.131"/>
  <testcase classname="com.sgtesting.actiTime.Scenario1" name="closeApplication" time="0.226"/>
</testsuite> <!-- User And Product -->
