<?xml version="1.0" encoding="UTF-8"?>
<!-- Generated by org.testng.reporters.JUnitXMLReporter -->
<testsuite ignored="0" hostname="DESKTOP-KJD0V6J" failures="0" tests="10" name="Default test" time="2193.254" errors="0" timestamp="2022-04-23T08:38:14 GMT-07:00">
  <testcase classname="com.sgtesting.actiTime.Sceanrio6" name="Navigate" time="3.139"/>
  <testcase classname="com.sgtesting.actiTime.Sceanrio6" name="Login" time="4.34"/>
  <testcase classname="com.sgtesting.actiTime.Sceanrio6" name="minimizeflyout" time="2.19"/>
  <testcase classname="com.sgtesting.actiTime.Sceanrio6" name="createcustomer" time="14.269"/>
  <testcase classname="com.sgtesting.actiTime.Sceanrio6" name="createproject" time="10.965"/>
  <testcase classname="com.sgtesting.actiTime.Sceanrio6" name="modifyproject" time="5.434"/>
  <testcase classname="com.sgtesting.actiTime.Sceanrio6" name="DeleteProject" time="2124.145"/>
  <testcase classname="com.sgtesting.actiTime.Sceanrio6" name="deletecustomer" time="12.317"/>
  <testcase classname="com.sgtesting.actiTime.Sceanrio6" name="logout" time="12.203"/>
  <testcase classname="com.sgtesting.actiTime.Sceanrio6" name="closeapp" time="0.203"/>
</testsuite> <!-- Default test -->
